{"level": "INFO", "message": "{'log': 'Tab updated: https://www.amazon.in/s?k=galaxy+A35+back+cover&page=16&crid=203WB2UR8DZW4&qid=1747974420&sprefix=galaxy+a35+back+cover%2Caps%2C432&xpid=eUePow77MlQNE&ref=sr_pg_16'}", "time": "2025-05-23 10:01:14,666", "name": "siem_logger", "pathname": "C:\\Users\\katha\\OneDrive\\Documents\\SIEM Log Generator\\siem-log-server\\server.py", "lineno": 40}
{"level": "INFO", "message": "{'log': 'Tab updated: https://www.amazon.in/s?k=galaxy+A35+back+cover&page=17&crid=203WB2UR8DZW4&qid=1747974670&sprefix=galaxy+a35+back+cover%2Caps%2C432&xpid=eUePow77MlQNE&ref=sr_pg_17'}", "time": "2025-05-23 10:01:26,753", "name": "siem_logger", "pathname": "C:\\Users\\katha\\OneDrive\\Documents\\SIEM Log Generator\\siem-log-server\\server.py", "lineno": 40}
{"level": "INFO", "message": "{'log': 'Tab updated: https://www.amazon.in/s?k=galaxy+A35+back+cover&page=18&crid=203WB2UR8DZW4&qid=1747974684&sprefix=galaxy+a35+back+cover%2Caps%2C432&xpid=eUePow77MlQNE&ref=sr_pg_18'}", "time": "2025-05-23 10:01:42,162", "name": "siem_logger", "pathname": "C:\\Users\\katha\\OneDrive\\Documents\\SIEM Log Generator\\siem-log-server\\server.py", "lineno": 40}
{"level": "INFO", "message": "{'log': 'Tab updated: https://www.amazon.in/s?k=galaxy+A35+back+cover&page=19&crid=203WB2UR8DZW4&qid=1747974700&sprefix=galaxy+a35+back+cover%2Caps%2C432&xpid=eUePow77MlQNE&ref=sr_pg_19'}", "time": "2025-05-23 10:01:58,251", "name": "siem_logger", "pathname": "C:\\Users\\katha\\OneDrive\\Documents\\SIEM Log Generator\\siem-log-server\\server.py", "lineno": 40}
{"level": "INFO", "message": "{'log': 'Tab updated: https://www.amazon.in/s?k=galaxy+A35+back+cover&page=20&crid=203WB2UR8DZW4&qid=1747974716&sprefix=galaxy+a35+back+cover%2Caps%2C432&xpid=eUePow77MlQNE&ref=sr_pg_20'}", "time": "2025-05-23 10:02:12,351", "name": "siem_logger", "pathname": "C:\\Users\\katha\\OneDrive\\Documents\\SIEM Log Generator\\siem-log-server\\server.py", "lineno": 40}
{"level": "INFO", "message": "{'log': 'Tab updated: https://www.amazon.in/s?k=galaxy+A35+back+cover&page=19&crid=203WB2UR8DZW4&qid=1747974700&sprefix=galaxy+a35+back+cover%2Caps%2C432&xpid=eUePow77MlQNE&ref=sr_pg_19'}", "time": "2025-05-23 10:02:23,286", "name": "siem_logger", "pathname": "C:\\Users\\katha\\OneDrive\\Documents\\SIEM Log Generator\\siem-log-server\\server.py", "lineno": 40}
{"level": "INFO", "message": "{'log': 'Tab updated: https://www.amazon.in/s?k=galaxy+A35+back+cover&page=18&crid=203WB2UR8DZW4&qid=1747974684&sprefix=galaxy+a35+back+cover%2Caps%2C432&xpid=eUePow77MlQNE&ref=sr_pg_18'}", "time": "2025-05-23 10:02:23,536", "name": "siem_logger", "pathname": "C:\\Users\\katha\\OneDrive\\Documents\\SIEM Log Generator\\siem-log-server\\server.py", "lineno": 40}
{"level": "INFO", "message": "{'log': 'Tab updated: https://www.amazon.in/s?k=galaxy+A35+back+cover&page=17&crid=203WB2UR8DZW4&qid=1747974670&sprefix=galaxy+a35+back+cover%2Caps%2C432&xpid=eUePow77MlQNE&ref=sr_pg_17'}", "time": "2025-05-23 10:02:23,849", "name": "siem_logger", "pathname": "C:\\Users\\katha\\OneDrive\\Documents\\SIEM Log Generator\\siem-log-server\\server.py", "lineno": 40}
{"level": "INFO", "message": "{'log': 'Tab updated: https://www.amazon.in/s?k=galaxy+A35+back+cover&page=16&crid=203WB2UR8DZW4&qid=1747974420&sprefix=galaxy+a35+back+cover%2Caps%2C432&xpid=eUePow77MlQNE&ref=sr_pg_16'}", "time": "2025-05-23 10:02:24,310", "name": "siem_logger", "pathname": "C:\\Users\\katha\\OneDrive\\Documents\\SIEM Log Generator\\siem-log-server\\server.py", "lineno": 40}
{"level": "INFO", "message": "{'log': 'Tab updated: https://www.amazon.in/s?k=galaxy+A35+back+cover&page=15&crid=203WB2UR8DZW4&qid=1747974395&sprefix=galaxy+a35+back+cover%2Caps%2C432&xpid=eUePow77MlQNE&ref=sr_pg_15'}", "time": "2025-05-23 10:02:24,492", "name": "siem_logger", "pathname": "C:\\Users\\katha\\OneDrive\\Documents\\SIEM Log Generator\\siem-log-server\\server.py", "lineno": 40}
{"level": "INFO", "message": "{'log': 'Tab updated: https://www.amazon.in/s?k=galaxy+A35+back+cover&page=14&crid=203WB2UR8DZW4&qid=1747974382&sprefix=galaxy+a35+back+cover%2Caps%2C432&xpid=eUePow77MlQNE&ref=sr_pg_14'}", "time": "2025-05-23 10:02:24,564", "name": "siem_logger", "pathname": "C:\\Users\\katha\\OneDrive\\Documents\\SIEM Log Generator\\siem-log-server\\server.py", "lineno": 40}
{"level": "INFO", "message": "{'log': 'Tab updated: https://www.amazon.in/s?k=galaxy+A35+back+cover&page=13&crid=203WB2UR8DZW4&qid=1747974294&sprefix=galaxy+a35+back+cover%2Caps%2C432&xpid=eUePow77MlQNE&ref=sr_pg_13'}", "time": "2025-05-23 10:02:24,747", "name": "siem_logger", "pathname": "C:\\Users\\katha\\OneDrive\\Documents\\SIEM Log Generator\\siem-log-server\\server.py", "lineno": 40}
{"level": "INFO", "message": "{'log': 'Tab updated: https://www.amazon.in/s?k=galaxy+A35+back+cover&page=12&crid=203WB2UR8DZW4&qid=1747974071&sprefix=galaxy+a35+back+cover%2Caps%2C432&xpid=eUePow77MlQNE&ref=sr_pg_12'}", "time": "2025-05-23 10:02:24,861", "name": "siem_logger", "pathname": "C:\\Users\\katha\\OneDrive\\Documents\\SIEM Log Generator\\siem-log-server\\server.py", "lineno": 40}
{"level": "INFO", "message": "{'log': 'Tab updated: https://www.amazon.in/s?k=galaxy+A35+back+cover&page=11&crid=203WB2UR8DZW4&qid=1747973807&sprefix=galaxy+a35+back+cover%2Caps%2C432&xpid=eUePow77MlQNE&ref=sr_pg_11'}", "time": "2025-05-23 10:02:25,048", "name": "siem_logger", "pathname": "C:\\Users\\katha\\OneDrive\\Documents\\SIEM Log Generator\\siem-log-server\\server.py", "lineno": 40}
{"level": "INFO", "message": "{'log': 'Tab updated: https://www.amazon.in/s?k=galaxy+A35+back+cover&page=10&crid=203WB2UR8DZW4&qid=1747973754&sprefix=galaxy+a35+back+cover%2Caps%2C432&xpid=eUePow77MlQNE&ref=sr_pg_10'}", "time": "2025-05-23 10:02:25,259", "name": "siem_logger", "pathname": "C:\\Users\\katha\\OneDrive\\Documents\\SIEM Log Generator\\siem-log-server\\server.py", "lineno": 40}
{"level": "INFO", "message": "{'log': 'Tab updated: https://www.amazon.in/s?k=galaxy+A35+back+cover&page=9&crid=203WB2UR8DZW4&qid=1747973736&sprefix=galaxy+a35+back+cover%2Caps%2C432&xpid=eUePow77MlQNE&ref=sr_pg_9'}", "time": "2025-05-23 10:02:25,418", "name": "siem_logger", "pathname": "C:\\Users\\katha\\OneDrive\\Documents\\SIEM Log Generator\\siem-log-server\\server.py", "lineno": 40}
{"level": "INFO", "message": "{'log': 'Tab updated: https://www.amazon.in/s?k=galaxy+A35+back+cover&page=8&crid=203WB2UR8DZW4&qid=1747973720&sprefix=galaxy+a35+back+cover%2Caps%2C432&xpid=eUePow77MlQNE&ref=sr_pg_8'}", "time": "2025-05-23 10:02:25,591", "name": "siem_logger", "pathname": "C:\\Users\\katha\\OneDrive\\Documents\\SIEM Log Generator\\siem-log-server\\server.py", "lineno": 40}
{"level": "INFO", "message": "{'log': 'Tab updated: https://www.amazon.in/s?k=galaxy+A35+back+cover&page=7&crid=203WB2UR8DZW4&qid=1747973704&sprefix=galaxy+a35+back+cover%2Caps%2C432&xpid=eUePow77MlQNE&ref=sr_pg_7'}", "time": "2025-05-23 10:02:25,780", "name": "siem_logger", "pathname": "C:\\Users\\katha\\OneDrive\\Documents\\SIEM Log Generator\\siem-log-server\\server.py", "lineno": 40}
{"level": "INFO", "message": "{'log': 'Tab updated: https://www.amazon.in/s?k=galaxy+A35+back+cover&page=6&crid=203WB2UR8DZW4&qid=1747973692&sprefix=galaxy+a35+back+cover%2Caps%2C432&xpid=eUePow77MlQNE&ref=sr_pg_6'}", "time": "2025-05-23 10:02:25,944", "name": "siem_logger", "pathname": "C:\\Users\\katha\\OneDrive\\Documents\\SIEM Log Generator\\siem-log-server\\server.py", "lineno": 40}
{"level": "INFO", "message": "{'log': 'Tab updated: https://www.amazon.in/s?k=women+red+kurta&crid=36BE0346HXEZR&sprefix=%2Caps%2C343&ref=nb_sb_ss_recent_3_0_recent'}", "time": "2025-05-23 10:02:42,557", "name": "siem_logger", "pathname": "C:\\Users\\katha\\OneDrive\\Documents\\SIEM Log Generator\\siem-log-server\\server.py", "lineno": 40}
{"level": "INFO", "message": "{'log': 'Tab updated: https://www.amazon.in/KZA-Womens-Maroon-Sleeveless-Georgette/dp/B0DXKZWMGR/ref=sxin_23_pa_sp_search_thematic_sspa?content-id=amzn1.sym.9b258dad-f808-4e5e-8df5-9b8946a31daf%3Aamzn1.sym.9b258dad-f808-4e5e-8df5-9b8946a31daf&crid=36BE0346HXEZR&cv_ct_cx=women%2Bred%2Bkurta&keywords=women%2Bred%2Bkurta&pd_rd_i=B0DXKZWMGR&pd_rd_r=a5e69e5b-faf6-4936-afca-e3368d8bff35&pd_rd_w=yic1j&pd_rd_wg=885ta&pf_rd_p=9b258dad-f808-4e5e-8df5-9b8946a31daf&pf_rd_r=74MDKW5RDB8ZVX1MPWFT&qid=1747974759&sbo=RZvfv%2F%2FHxDF%2BO5021pAnSA%3D%3D&sprefix=%2Caps%2C343&sr=1-2-883a54c7-f466-4d42-997c-6d482a360a1a-spons&sp_csd=d2lkZ2V0TmFtZT1zcF9zZWFyY2hfdGhlbWF0aWM&th=1&psc=1'}", "time": "2025-05-23 10:03:03,433", "name": "siem_logger", "pathname": "C:\\Users\\katha\\OneDrive\\Documents\\SIEM Log Generator\\siem-log-server\\server.py", "lineno": 40}
{"level": "INFO", "message": "{'log': 'Tab updated: chrome://newtab/'}", "time": "2025-05-23 10:03:45,792", "name": "siem_logger", "pathname": "C:\\Users\\katha\\OneDrive\\Documents\\SIEM Log Generator\\siem-log-server\\server.py", "lineno": 40}
{"level": "INFO", "message": "{'log': 'Tab updated: https://github.com/'}", "time": "2025-05-23 10:03:51,045", "name": "siem_logger", "pathname": "C:\\Users\\katha\\OneDrive\\Documents\\SIEM Log Generator\\siem-log-server\\server.py", "lineno": 40}
{"level": "INFO", "message": "{'log': 'Tab updated: https://github.com/reallywasi'}", "time": "2025-05-23 10:04:17,569", "name": "siem_logger", "pathname": "C:\\Users\\katha\\OneDrive\\Documents\\SIEM Log Generator\\siem-log-server\\server.py", "lineno": 40}
{"level": "INFO", "message": "{'log': 'Tab updated: https://github.com/reallywasi/WingConsultants'}", "time": "2025-05-23 10:04:50,875", "name": "siem_logger", "pathname": "C:\\Users\\katha\\OneDrive\\Documents\\SIEM Log Generator\\siem-log-server\\server.py", "lineno": 40}
{"level": "INFO", "time": "2025-05-23 10:10:35,679", "name": "siem_logger", "pathname": "C:\\Users\\katha\\OneDrive\\Documents\\SIEM Log Generator\\siem-log-server\\server.py", "lineno": 49, "log": "Tab updated: https://github.com/"}
{"level": "INFO", "time": "2025-05-23 10:10:42,086", "name": "siem_logger", "pathname": "C:\\Users\\katha\\OneDrive\\Documents\\SIEM Log Generator\\siem-log-server\\server.py", "lineno": 49, "log": "Tab updated: https://github.com/iceybubble/SIEM-Log-Generator"}
{"level": "INFO", "time": "2025-05-23 10:10:46,604", "name": "siem_logger", "pathname": "C:\\Users\\katha\\OneDrive\\Documents\\SIEM Log Generator\\siem-log-server\\server.py", "lineno": 49, "log": "Tab updated: https://github.com/"}
{"level": "INFO", "time": "2025-05-23 10:10:55,593", "name": "siem_logger", "pathname": "C:\\Users\\katha\\OneDrive\\Documents\\SIEM Log Generator\\siem-log-server\\server.py", "lineno": 49, "log": "Tab updated: https://github.com/reallywasi/chrome-extension"}
{"level": "INFO", "time": "2025-05-23 10:11:01,675", "name": "siem_logger", "pathname": "C:\\Users\\katha\\OneDrive\\Documents\\SIEM Log Generator\\siem-log-server\\server.py", "lineno": 49, "log": "Tab updated: https://github.com/"}
{"level": "INFO", "time": "2025-05-23 10:11:06,107", "name": "siem_logger", "pathname": "C:\\Users\\katha\\OneDrive\\Documents\\SIEM Log Generator\\siem-log-server\\server.py", "lineno": 49, "log": "Tab updated: chrome://newtab/"}
{"level": "INFO", "time": "2025-05-23 10:11:22,330", "name": "siem_logger", "pathname": "C:\\Users\\katha\\OneDrive\\Documents\\SIEM Log Generator\\siem-log-server\\server.py", "lineno": 49, "log": "Tab updated: https://www.linkedin.com/feed/?trk=guest_homepage-basic_google-one-tap-submit"}
{"level": "INFO", "time": "2025-05-23 10:11:38,319", "name": "siem_logger", "pathname": "C:\\Users\\katha\\OneDrive\\Documents\\SIEM Log Generator\\siem-log-server\\server.py", "lineno": 49, "log": "Tab updated: chrome://newtab/"}
{"level": "INFO", "time": "2025-05-23 10:11:52,089", "name": "siem_logger", "pathname": "C:\\Users\\katha\\OneDrive\\Documents\\SIEM Log Generator\\siem-log-server\\server.py", "lineno": 49, "log": "Tab updated: https://www.netflix.com/in/"}
{"level": "INFO", "time": "2025-05-23 10:15:50,510", "name": "siem_logger", "log": "Tab updated: chrome://newtab/"}
{"level": "INFO", "time": "2025-05-23 10:15:57,092", "name": "siem_logger", "log": "Tab updated: https://www.linkedin.com/feed/?trk=guest_homepage-basic_google-one-tap-submit"}
{"level": "INFO", "time": "2025-05-23 10:16:59,392", "name": "siem_logger", "log": "Tab updated: chrome://newtab/"}
{"level": "INFO", "time": "2025-05-23 10:17:02,884", "name": "siem_logger", "log": "Tab updated: https://github.com/"}
{"level": "INFO", "time": "2025-05-23 10:17:12,604", "name": "siem_logger", "log": "Tab updated: https://github.com/reallywasi/SIEM-Log-Generator"}
{"level": "INFO", "time": "2025-05-23 10:17:17,964", "name": "siem_logger", "log": "Tab updated: https://github.com/reallywasi/SIEM-Log-Generator/tree/main/Plan"}
{"level": "INFO", "time": "2025-05-23 10:17:18,234", "name": "siem_logger", "log": "Tab updated: https://github.com/reallywasi/SIEM-Log-Generator/tree/main/Plan"}
{"level": "INFO", "time": "2025-05-23 10:17:18,525", "name": "siem_logger", "log": "Tab updated: https://github.com/reallywasi/SIEM-Log-Generator/tree/main/Plan"}
{"level": "INFO", "time": "2025-05-23 10:17:18,717", "name": "siem_logger", "log": "Tab updated: https://github.com/reallywasi/SIEM-Log-Generator/tree/main/Plan"}
{"level": "INFO", "time": "2025-05-23 10:17:21,042", "name": "siem_logger", "log": "Tab updated: https://github.com/reallywasi/SIEM-Log-Generator/tree/main/siem-log-server"}
{"level": "INFO", "time": "2025-05-23 10:17:23,910", "name": "siem_logger", "log": "Tab updated: https://github.com/reallywasi/SIEM-Log-Generator/blob/main/siem-log-server/server.py"}
{"level": "INFO", "time": "2025-05-23 10:17:28,295", "name": "siem_logger", "log": "Tab updated: chrome://newtab/"}
{"level": "INFO", "time": "2025-05-23 10:17:37,477", "name": "siem_logger", "log": "Tab updated: https://www.amazon.in/?&tag=googhydrabk1-21&ref=pd_sl_7hz2t19t5c_e&adgrpid=155259815513&hvpone=&hvptwo=&hvadid=674842289437&hvpos=&hvnetw=g&hvrand=3758621901514545475&hvqmt=e&hvdev=c&hvdvcmdl=&hvlocint=&hvlocphy=9040183&hvtargid=kwd-10573980&hydadcr=14453_2316415&gad_source=1"}
{"level": "INFO", "time": "2025-05-23 10:18:05,579", "name": "siem_logger", "log": "Tab updated: https://www.amazon.in/One94Store-Flower-Tulip-Lamp-LED/dp/B0DCPBG8CX/?_encoding=UTF8&pd_rd_w=OxqTc&content-id=amzn1.sym.09eb58e6-9308-494b-bd4b-7f976bb5b69a&pf_rd_p=09eb58e6-9308-494b-bd4b-7f976bb5b69a&pf_rd_r=ZKHMRPEYB1FH2DPPFZ7D&pd_rd_wg=Cvj13&pd_rd_r=0a1b1c97-8ae6-4a2a-95e6-3fc1d162c91d&ref_=pd_hp_d_btf_PB&th=1"}
{"level": "INFO", "time": "2025-05-23 10:18:18,020", "name": "siem_logger", "log": "Tab updated: https://www.amazon.in/?&tag=googhydrabk1-21&ref=pd_sl_7hz2t19t5c_e&adgrpid=155259815513&hvpone=&hvptwo=&hvadid=674842289437&hvpos=&hvnetw=g&hvrand=3758621901514545475&hvqmt=e&hvdev=c&hvdvcmdl=&hvlocint=&hvlocphy=9040183&hvtargid=kwd-10573980&hydadcr=14453_2316415&gad_source=1"}
{"level": "INFO", "time": "2025-05-23 10:18:46,863", "name": "siem_logger", "log": "Tab updated: https://www.amazon.in/s?k=women+t-shirts&crid=20A4LK5T50PTO&sprefix=women+t-shirts%2Caps%2C367&ref=nb_sb_noss_1"}
{"level": "INFO", "time": "2025-05-23 10:19:04,364", "name": "siem_logger", "log": "Tab updated: chrome://newtab/"}
{"level": "INFO", "time": "2025-05-23 10:19:16,922", "name": "siem_logger", "log": "Tab updated: https://www.google.com/search?q=indian+air+force+recruitment+2025&oq=indian+air+force+&gs_lcrp=EgZjaHJvbWUqDwgAEEUYOxiDARixAxiABDIPCAAQRRg7GIMBGLEDGIAEMgYIARBFGDkyEAgCEAAYgwEYsQMYgAQYigUyEAgDEAAYgwEYsQMYgAQYigUyEAgEEAAYgwEYsQMYgAQYigUyBwgFEAAYgAQyBwgGEAAYgAQyCggHEAAYsQMYgAQyBwgIEAAYgAQyBwgJEAAYgATSAQg2MDgwajBqN6gCCLACAfEFTlavWkcn-2w&sourceid=chrome&ie=UTF-8"}
{"level": "INFO", "time": "2025-05-23 10:19:19,872", "name": "siem_logger", "log": "Tab updated: https://afcat.cdac.in/AFCAT/"}
